<?xml version="1.0" encoding="UTF-8"?>
<testsuite xmlns:xsi="http://www.w3.org/2001/XMLSchema-instance" xsi:noNamespaceSchemaLocation="https://maven.apache.org/surefire/maven-surefire-plugin/xsd/surefire-test-report-3.0.xsd" version="3.0" name="com.testing.api.runner.TestRunner" time="24.304" tests="4" errors="0" skipped="0" failures="0">
  <properties>
    <property name="java.specification.version" value="17"/>
    <property name="sun.cpu.isalist" value="amd64"/>
    <property name="sun.jnu.encoding" value="Cp1252"/>
    <property name="java.class.path" value="C:\Users\julian.orozco\Desktop\Automation Training\assuredApi\target\test-classes;C:\Users\julian.orozco\Desktop\Automation Training\assuredApi\target\classes;C:\Users\julian.orozco\.m2\repository\com\github\javafaker\javafaker\1.0.2\javafaker-1.0.2.jar;C:\Users\julian.orozco\.m2\repository\org\apache\commons\commons-lang3\3.5\commons-lang3-3.5.jar;C:\Users\julian.orozco\.m2\repository\org\yaml\snakeyaml\1.23\snakeyaml-1.23-android.jar;C:\Users\julian.orozco\.m2\repository\com\github\mifmif\generex\1.0.2\generex-1.0.2.jar;C:\Users\julian.orozco\.m2\repository\dk\brics\automaton\automaton\1.11-8\automaton-1.11-8.jar;C:\Users\julian.orozco\.m2\repository\io\cucumber\cucumber-java\7.13.0\cucumber-java-7.13.0.jar;C:\Users\julian.orozco\.m2\repository\io\cucumber\cucumber-core\7.13.0\cucumber-core-7.13.0.jar;C:\Users\julian.orozco\.m2\repository\io\cucumber\cucumber-gherkin\7.13.0\cucumber-gherkin-7.13.0.jar;C:\Users\julian.orozco\.m2\repository\io\cucumber\cucumber-gherkin-messages\7.13.0\cucumber-gherkin-messages-7.13.0.jar;C:\Users\julian.orozco\.m2\repository\io\cucumber\gherkin\26.2.0\gherkin-26.2.0.jar;C:\Users\julian.orozco\.m2\repository\io\cucumber\messages\22.0.0\messages-22.0.0.jar;C:\Users\julian.orozco\.m2\repository\io\cucumber\tag-expressions\5.0.1\tag-expressions-5.0.1.jar;C:\Users\julian.orozco\.m2\repository\io\cucumber\cucumber-expressions\16.1.2\cucumber-expressions-16.1.2.jar;C:\Users\julian.orozco\.m2\repository\io\cucumber\datatable\7.13.0\datatable-7.13.0.jar;C:\Users\julian.orozco\.m2\repository\io\cucumber\cucumber-plugin\7.13.0\cucumber-plugin-7.13.0.jar;C:\Users\julian.orozco\.m2\repository\io\cucumber\docstring\7.13.0\docstring-7.13.0.jar;C:\Users\julian.orozco\.m2\repository\io\cucumber\html-formatter\20.3.1\html-formatter-20.3.1.jar;C:\Users\julian.orozco\.m2\repository\io\cucumber\junit-xml-formatter\0.2.0\junit-xml-formatter-0.2.0.jar;C:\Users\julian.orozco\.m2\repository\io\cucumber\ci-environment\9.2.0\ci-environment-9.2.0.jar;C:\Users\julian.orozco\.m2\repository\org\apiguardian\apiguardian-api\1.1.2\apiguardian-api-1.1.2.jar;C:\Users\julian.orozco\.m2\repository\io\cucumber\cucumber-junit\7.13.0\cucumber-junit-7.13.0.jar;C:\Users\julian.orozco\.m2\repository\junit\junit\4.13.2\junit-4.13.2.jar;C:\Users\julian.orozco\.m2\repository\org\hamcrest\hamcrest-core\1.3\hamcrest-core-1.3.jar;C:\Users\julian.orozco\.m2\repository\org\projectlombok\lombok\1.18.28\lombok-1.18.28.jar;C:\Users\julian.orozco\.m2\repository\com\google\code\gson\gson\2.10.1\gson-2.10.1.jar;C:\Users\julian.orozco\.m2\repository\io\rest-assured\rest-assured\5.3.1\rest-assured-5.3.1.jar;C:\Users\julian.orozco\.m2\repository\org\apache\groovy\groovy\4.0.11\groovy-4.0.11.jar;C:\Users\julian.orozco\.m2\repository\org\apache\groovy\groovy-xml\4.0.11\groovy-xml-4.0.11.jar;C:\Users\julian.orozco\.m2\repository\org\apache\httpcomponents\httpclient\4.5.13\httpclient-4.5.13.jar;C:\Users\julian.orozco\.m2\repository\org\apache\httpcomponents\httpcore\4.4.13\httpcore-4.4.13.jar;C:\Users\julian.orozco\.m2\repository\commons-logging\commons-logging\1.2\commons-logging-1.2.jar;C:\Users\julian.orozco\.m2\repository\commons-codec\commons-codec\1.11\commons-codec-1.11.jar;C:\Users\julian.orozco\.m2\repository\org\apache\httpcomponents\httpmime\4.5.13\httpmime-4.5.13.jar;C:\Users\julian.orozco\.m2\repository\org\hamcrest\hamcrest\2.2\hamcrest-2.2.jar;C:\Users\julian.orozco\.m2\repository\org\ccil\cowan\tagsoup\tagsoup\1.2.1\tagsoup-1.2.1.jar;C:\Users\julian.orozco\.m2\repository\io\rest-assured\json-path\5.3.1\json-path-5.3.1.jar;C:\Users\julian.orozco\.m2\repository\org\apache\groovy\groovy-json\4.0.11\groovy-json-4.0.11.jar;C:\Users\julian.orozco\.m2\repository\io\rest-assured\rest-assured-common\5.3.1\rest-assured-common-5.3.1.jar;C:\Users\julian.orozco\.m2\repository\io\rest-assured\xml-path\5.3.1\xml-path-5.3.1.jar;C:\Users\julian.orozco\.m2\repository\io\rest-assured\json-schema-validator\5.3.1\json-schema-validator-5.3.1.jar;C:\Users\julian.orozco\.m2\repository\com\github\java-json-tools\json-schema-validator\2.2.14\json-schema-validator-2.2.14.jar;C:\Users\julian.orozco\.m2\repository\com\github\java-json-tools\jackson-coreutils-equivalence\1.0\jackson-coreutils-equivalence-1.0.jar;C:\Users\julian.orozco\.m2\repository\com\fasterxml\jackson\core\jackson-databind\2.11.0\jackson-databind-2.11.0.jar;C:\Users\julian.orozco\.m2\repository\com\fasterxml\jackson\core\jackson-annotations\2.11.0\jackson-annotations-2.11.0.jar;C:\Users\julian.orozco\.m2\repository\com\fasterxml\jackson\core\jackson-core\2.11.0\jackson-core-2.11.0.jar;C:\Users\julian.orozco\.m2\repository\com\github\java-json-tools\jackson-coreutils\2.0\jackson-coreutils-2.0.jar;C:\Users\julian.orozco\.m2\repository\com\github\java-json-tools\msg-simple\1.2\msg-simple-1.2.jar;C:\Users\julian.orozco\.m2\repository\com\github\java-json-tools\btf\1.3\btf-1.3.jar;C:\Users\julian.orozco\.m2\repository\com\github\java-json-tools\json-schema-core\1.2.14\json-schema-core-1.2.14.jar;C:\Users\julian.orozco\.m2\repository\com\github\java-json-tools\uri-template\0.10\uri-template-0.10.jar;C:\Users\julian.orozco\.m2\repository\org\mozilla\rhino\1.7.7.2\rhino-1.7.7.2.jar;C:\Users\julian.orozco\.m2\repository\com\sun\mail\mailapi\1.6.2\mailapi-1.6.2.jar;C:\Users\julian.orozco\.m2\repository\joda-time\joda-time\2.10.5\joda-time-2.10.5.jar;C:\Users\julian.orozco\.m2\repository\com\googlecode\libphonenumber\libphonenumber\8.11.1\libphonenumber-8.11.1.jar;C:\Users\julian.orozco\.m2\repository\com\google\code\findbugs\jsr305\3.0.2\jsr305-3.0.2.jar;C:\Users\julian.orozco\.m2\repository\net\sf\jopt-simple\jopt-simple\5.0.4\jopt-simple-5.0.4.jar;C:\Users\julian.orozco\.m2\repository\com\google\guava\guava\32.0.1-jre\guava-32.0.1-jre.jar;C:\Users\julian.orozco\.m2\repository\com\google\guava\failureaccess\1.0.1\failureaccess-1.0.1.jar;C:\Users\julian.orozco\.m2\repository\com\google\guava\listenablefuture\9999.0-empty-to-avoid-conflict-with-guava\listenablefuture-9999.0-empty-to-avoid-conflict-with-guava.jar;C:\Users\julian.orozco\.m2\repository\org\checkerframework\checker-qual\3.33.0\checker-qual-3.33.0.jar;C:\Users\julian.orozco\.m2\repository\com\google\errorprone\error_prone_annotations\2.18.0\error_prone_annotations-2.18.0.jar;C:\Users\julian.orozco\.m2\repository\com\google\j2objc\j2objc-annotations\2.8\j2objc-annotations-2.8.jar;C:\Users\julian.orozco\.m2\repository\org\junit\jupiter\junit-jupiter-api\5.10.0\junit-jupiter-api-5.10.0.jar;C:\Users\julian.orozco\.m2\repository\org\opentest4j\opentest4j\1.3.0\opentest4j-1.3.0.jar;C:\Users\julian.orozco\.m2\repository\org\junit\platform\junit-platform-commons\1.10.0\junit-platform-commons-1.10.0.jar;C:\Users\julian.orozco\.m2\repository\org\apache\logging\log4j\log4j-api\2.20.0\log4j-api-2.20.0.jar;C:\Users\julian.orozco\.m2\repository\org\apache\logging\log4j\log4j-core\2.20.0\log4j-core-2.20.0.jar;C:\Users\julian.orozco\.m2\repository\org\jetbrains\annotations\24.1.0\annotations-24.1.0.jar;"/>
    <property name="java.vm.vendor" value="Oracle Corporation"/>
    <property name="sun.arch.data.model" value="64"/>
    <property name="user.variant" value=""/>
    <property name="java.vendor.url" value="https://java.oracle.com/"/>
    <property name="user.timezone" value="America/Bogota"/>
    <property name="os.name" value="Windows 11"/>
    <property name="java.vm.specification.version" value="17"/>
    <property name="sun.java.launcher" value="SUN_STANDARD"/>
    <property name="user.country" value="US"/>
    <property name="sun.boot.library.path" value="C:\Users\julian.orozco\.jdks\graalvm-jdk-17.0.12\bin"/>
    <property name="sun.java.command" value="C:\Users\julian.orozco\AppData\Local\Temp\surefire11931096140644079753\surefirebooter-20240913133040191_3.jar C:\Users\julian.orozco\AppData\Local\Temp\surefire11931096140644079753 2024-09-13T13-30-39_854-jvmRun1 surefire-20240913133040191_1tmp surefire_0-20240913133040191_2tmp"/>
    <property name="jdk.debug" value="release"/>
    <property name="surefire.test.class.path" value="C:\Users\julian.orozco\Desktop\Automation Training\assuredApi\target\test-classes;C:\Users\julian.orozco\Desktop\Automation Training\assuredApi\target\classes;C:\Users\julian.orozco\.m2\repository\com\github\javafaker\javafaker\1.0.2\javafaker-1.0.2.jar;C:\Users\julian.orozco\.m2\repository\org\apache\commons\commons-lang3\3.5\commons-lang3-3.5.jar;C:\Users\julian.orozco\.m2\repository\org\yaml\snakeyaml\1.23\snakeyaml-1.23-android.jar;C:\Users\julian.orozco\.m2\repository\com\github\mifmif\generex\1.0.2\generex-1.0.2.jar;C:\Users\julian.orozco\.m2\repository\dk\brics\automaton\automaton\1.11-8\automaton-1.11-8.jar;C:\Users\julian.orozco\.m2\repository\io\cucumber\cucumber-java\7.13.0\cucumber-java-7.13.0.jar;C:\Users\julian.orozco\.m2\repository\io\cucumber\cucumber-core\7.13.0\cucumber-core-7.13.0.jar;C:\Users\julian.orozco\.m2\repository\io\cucumber\cucumber-gherkin\7.13.0\cucumber-gherkin-7.13.0.jar;C:\Users\julian.orozco\.m2\repository\io\cucumber\cucumber-gherkin-messages\7.13.0\cucumber-gherkin-messages-7.13.0.jar;C:\Users\julian.orozco\.m2\repository\io\cucumber\gherkin\26.2.0\gherkin-26.2.0.jar;C:\Users\julian.orozco\.m2\repository\io\cucumber\messages\22.0.0\messages-22.0.0.jar;C:\Users\julian.orozco\.m2\repository\io\cucumber\tag-expressions\5.0.1\tag-expressions-5.0.1.jar;C:\Users\julian.orozco\.m2\repository\io\cucumber\cucumber-expressions\16.1.2\cucumber-expressions-16.1.2.jar;C:\Users\julian.orozco\.m2\repository\io\cucumber\datatable\7.13.0\datatable-7.13.0.jar;C:\Users\julian.orozco\.m2\repository\io\cucumber\cucumber-plugin\7.13.0\cucumber-plugin-7.13.0.jar;C:\Users\julian.orozco\.m2\repository\io\cucumber\docstring\7.13.0\docstring-7.13.0.jar;C:\Users\julian.orozco\.m2\repository\io\cucumber\html-formatter\20.3.1\html-formatter-20.3.1.jar;C:\Users\julian.orozco\.m2\repository\io\cucumber\junit-xml-formatter\0.2.0\junit-xml-formatter-0.2.0.jar;C:\Users\julian.orozco\.m2\repository\io\cucumber\ci-environment\9.2.0\ci-environment-9.2.0.jar;C:\Users\julian.orozco\.m2\repository\org\apiguardian\apiguardian-api\1.1.2\apiguardian-api-1.1.2.jar;C:\Users\julian.orozco\.m2\repository\io\cucumber\cucumber-junit\7.13.0\cucumber-junit-7.13.0.jar;C:\Users\julian.orozco\.m2\repository\junit\junit\4.13.2\junit-4.13.2.jar;C:\Users\julian.orozco\.m2\repository\org\hamcrest\hamcrest-core\1.3\hamcrest-core-1.3.jar;C:\Users\julian.orozco\.m2\repository\org\projectlombok\lombok\1.18.28\lombok-1.18.28.jar;C:\Users\julian.orozco\.m2\repository\com\google\code\gson\gson\2.10.1\gson-2.10.1.jar;C:\Users\julian.orozco\.m2\repository\io\rest-assured\rest-assured\5.3.1\rest-assured-5.3.1.jar;C:\Users\julian.orozco\.m2\repository\org\apache\groovy\groovy\4.0.11\groovy-4.0.11.jar;C:\Users\julian.orozco\.m2\repository\org\apache\groovy\groovy-xml\4.0.11\groovy-xml-4.0.11.jar;C:\Users\julian.orozco\.m2\repository\org\apache\httpcomponents\httpclient\4.5.13\httpclient-4.5.13.jar;C:\Users\julian.orozco\.m2\repository\org\apache\httpcomponents\httpcore\4.4.13\httpcore-4.4.13.jar;C:\Users\julian.orozco\.m2\repository\commons-logging\commons-logging\1.2\commons-logging-1.2.jar;C:\Users\julian.orozco\.m2\repository\commons-codec\commons-codec\1.11\commons-codec-1.11.jar;C:\Users\julian.orozco\.m2\repository\org\apache\httpcomponents\httpmime\4.5.13\httpmime-4.5.13.jar;C:\Users\julian.orozco\.m2\repository\org\hamcrest\hamcrest\2.2\hamcrest-2.2.jar;C:\Users\julian.orozco\.m2\repository\org\ccil\cowan\tagsoup\tagsoup\1.2.1\tagsoup-1.2.1.jar;C:\Users\julian.orozco\.m2\repository\io\rest-assured\json-path\5.3.1\json-path-5.3.1.jar;C:\Users\julian.orozco\.m2\repository\org\apache\groovy\groovy-json\4.0.11\groovy-json-4.0.11.jar;C:\Users\julian.orozco\.m2\repository\io\rest-assured\rest-assured-common\5.3.1\rest-assured-common-5.3.1.jar;C:\Users\julian.orozco\.m2\repository\io\rest-assured\xml-path\5.3.1\xml-path-5.3.1.jar;C:\Users\julian.orozco\.m2\repository\io\rest-assured\json-schema-validator\5.3.1\json-schema-validator-5.3.1.jar;C:\Users\julian.orozco\.m2\repository\com\github\java-json-tools\json-schema-validator\2.2.14\json-schema-validator-2.2.14.jar;C:\Users\julian.orozco\.m2\repository\com\github\java-json-tools\jackson-coreutils-equivalence\1.0\jackson-coreutils-equivalence-1.0.jar;C:\Users\julian.orozco\.m2\repository\com\fasterxml\jackson\core\jackson-databind\2.11.0\jackson-databind-2.11.0.jar;C:\Users\julian.orozco\.m2\repository\com\fasterxml\jackson\core\jackson-annotations\2.11.0\jackson-annotations-2.11.0.jar;C:\Users\julian.orozco\.m2\repository\com\fasterxml\jackson\core\jackson-core\2.11.0\jackson-core-2.11.0.jar;C:\Users\julian.orozco\.m2\repository\com\github\java-json-tools\jackson-coreutils\2.0\jackson-coreutils-2.0.jar;C:\Users\julian.orozco\.m2\repository\com\github\java-json-tools\msg-simple\1.2\msg-simple-1.2.jar;C:\Users\julian.orozco\.m2\repository\com\github\java-json-tools\btf\1.3\btf-1.3.jar;C:\Users\julian.orozco\.m2\repository\com\github\java-json-tools\json-schema-core\1.2.14\json-schema-core-1.2.14.jar;C:\Users\julian.orozco\.m2\repository\com\github\java-json-tools\uri-template\0.10\uri-template-0.10.jar;C:\Users\julian.orozco\.m2\repository\org\mozilla\rhino\1.7.7.2\rhino-1.7.7.2.jar;C:\Users\julian.orozco\.m2\repository\com\sun\mail\mailapi\1.6.2\mailapi-1.6.2.jar;C:\Users\julian.orozco\.m2\repository\joda-time\joda-time\2.10.5\joda-time-2.10.5.jar;C:\Users\julian.orozco\.m2\repository\com\googlecode\libphonenumber\libphonenumber\8.11.1\libphonenumber-8.11.1.jar;C:\Users\julian.orozco\.m2\repository\com\google\code\findbugs\jsr305\3.0.2\jsr305-3.0.2.jar;C:\Users\julian.orozco\.m2\repository\net\sf\jopt-simple\jopt-simple\5.0.4\jopt-simple-5.0.4.jar;C:\Users\julian.orozco\.m2\repository\com\google\guava\guava\32.0.1-jre\guava-32.0.1-jre.jar;C:\Users\julian.orozco\.m2\repository\com\google\guava\failureaccess\1.0.1\failureaccess-1.0.1.jar;C:\Users\julian.orozco\.m2\repository\com\google\guava\listenablefuture\9999.0-empty-to-avoid-conflict-with-guava\listenablefuture-9999.0-empty-to-avoid-conflict-with-guava.jar;C:\Users\julian.orozco\.m2\repository\org\checkerframework\checker-qual\3.33.0\checker-qual-3.33.0.jar;C:\Users\julian.orozco\.m2\repository\com\google\errorprone\error_prone_annotations\2.18.0\error_prone_annotations-2.18.0.jar;C:\Users\julian.orozco\.m2\repository\com\google\j2objc\j2objc-annotations\2.8\j2objc-annotations-2.8.jar;C:\Users\julian.orozco\.m2\repository\org\junit\jupiter\junit-jupiter-api\5.10.0\junit-jupiter-api-5.10.0.jar;C:\Users\julian.orozco\.m2\repository\org\opentest4j\opentest4j\1.3.0\opentest4j-1.3.0.jar;C:\Users\julian.orozco\.m2\repository\org\junit\platform\junit-platform-commons\1.10.0\junit-platform-commons-1.10.0.jar;C:\Users\julian.orozco\.m2\repository\org\apache\logging\log4j\log4j-api\2.20.0\log4j-api-2.20.0.jar;C:\Users\julian.orozco\.m2\repository\org\apache\logging\log4j\log4j-core\2.20.0\log4j-core-2.20.0.jar;C:\Users\julian.orozco\.m2\repository\org\jetbrains\annotations\24.1.0\annotations-24.1.0.jar;"/>
    <property name="sun.cpu.endian" value="little"/>
    <property name="user.home" value="C:\Users\julian.orozco"/>
    <property name="user.language" value="en"/>
    <property name="java.specification.vendor" value="Oracle Corporation"/>
    <property name="java.version.date" value="2024-07-16"/>
    <property name="java.home" value="C:\Users\julian.orozco\.jdks\graalvm-jdk-17.0.12"/>
    <property name="file.separator" value="\"/>
    <property name="basedir" value="C:\Users\julian.orozco\Desktop\Automation Training\assuredApi"/>
    <property name="java.vm.compressedOopsMode" value="Zero based"/>
    <property name="jdk.internal.vm.ci.enabled" value="true"/>
    <property name="line.separator" value="&#10;"/>
    <property name="java.vm.specification.vendor" value="Oracle Corporation"/>
    <property name="java.specification.name" value="Java Platform API Specification"/>
    <property name="surefire.real.class.path" value="C:\Users\julian.orozco\AppData\Local\Temp\surefire11931096140644079753\surefirebooter-20240913133040191_3.jar"/>
    <property name="user.script" value=""/>
    <property name="sun.management.compiler" value="HotSpot 64-Bit Tiered Compilers"/>
    <property name="java.runtime.version" value="17.0.12+8-LTS-jvmci-23.0-b41"/>
    <property name="user.name" value="julian.orozco"/>
    <property name="path.separator" value=";"/>
    <property name="os.version" value="10.0"/>
    <property name="java.runtime.name" value="Java(TM) SE Runtime Environment"/>
    <property name="file.encoding" value="Cp1252"/>
    <property name="java.vm.name" value="Java HotSpot(TM) 64-Bit Server VM"/>
    <property name="java.vendor.version" value="Oracle GraalVM 17.0.12+8.1"/>
    <property name="localRepository" value="C:\Users\julian.orozco\.m2\repository"/>
    <property name="java.vendor.url.bug" value="https://bugreport.java.com/bugreport/"/>
    <property name="java.io.tmpdir" value="C:\Users\JULIAN~1.ORO\AppData\Local\Temp\"/>
    <property name="idea.version" value="2024.1.4"/>
    <property name="java.version" value="17.0.12"/>
    <property name="user.dir" value="C:\Users\julian.orozco\Desktop\Automation Training\assuredApi"/>
    <property name="os.arch" value="amd64"/>
    <property name="java.vm.specification.name" value="Java Virtual Machine Specification"/>
    <property name="sun.os.patch.level" value=""/>
    <property name="native.encoding" value="Cp1252"/>
    <property name="java.library.path" value="C:\Users\julian.orozco\.jdks\graalvm-jdk-17.0.12\bin;C:\windows\Sun\Java\bin;C:\windows\system32;C:\windows;C:\Python312\Scripts\;C:\Python312\;C:\Program Files (x86)\Common Files\Oracle\Java\java8path;C:\Program Files (x86)\Common Files\Oracle\Java\javapath;C:\windows\system32;C:\windows;C:\windows\System32\Wbem;C:\windows\System32\WindowsPowerShell\v1.0\;C:\windows\System32\OpenSSH\;C:\Program Files\dotnet\;C:\Program Files\Git\cmd;C:\Users\julian.orozco\.jdks\openjdk-22.0.2\bin;C:\Program Files\maven\apache-maven-3.9.8\bin;C:\Program Files\Java\jdk-1.8\bin;C:\Program Files\nodejs\;C:\ProgramData\chocolatey\bin;C:\Users\julian.orozco\Documents\platform-tools\build-tools;C:\Users\julian.orozco\Documents\platform-tools\platform-tools;C:\Users\julian.orozco\Documents\platform-tools\tools;C:\Users\julian.orozco\Documents\platform-tools;C:\Users\julian.orozco\.jdks\graalvm-jdk-17.0.12\bin;C:\Users\julian.orozco\AppData\Local\Microsoft\WindowsApps;C:\Users\julian.orozco\AppData\Roaming\npm;."/>
    <property name="java.vm.info" value="mixed mode, sharing"/>
    <property name="java.vendor" value="Oracle Corporation"/>
    <property name="java.vm.version" value="17.0.12+8-LTS-jvmci-23.0-b41"/>
    <property name="sun.io.unicode.encoding" value="UnicodeLittle"/>
    <property name="java.class.version" value="61.0"/>
  </properties>
  <testcase name="Change the phone number of the first Client named Laura" classname="Client testing CRUD" time="10.004">
    <system-out><![CDATA[13-09-2024 13:30:43 INFO [api.stepDefinitions.Hooks:16] - *****************************************************************************************
13-09-2024 13:30:43 INFO [api.stepDefinitions.Hooks:17] - 	Scenario: Change the phone number of the first Client named Laura
13-09-2024 13:30:43 INFO [api.stepDefinitions.Hooks:18] - *****************************************************************************************
13-09-2024 13:30:46 INFO [api.stepDefinitions.ClientSteps:62] - 201
13-09-2024 13:30:46 INFO [api.stepDefinitions.ClientSteps:62] - 201
13-09-2024 13:30:47 INFO [api.stepDefinitions.ClientSteps:62] - 201
13-09-2024 13:30:47 INFO [api.stepDefinitions.ClientSteps:62] - 201
13-09-2024 13:30:47 INFO [api.stepDefinitions.ClientSteps:62] - 201
13-09-2024 13:30:47 INFO [api.stepDefinitions.ClientSteps:62] - 201
13-09-2024 13:30:48 INFO [api.stepDefinitions.ClientSteps:62] - 201
13-09-2024 13:30:48 INFO [api.stepDefinitions.ClientSteps:62] - 201
13-09-2024 13:30:48 INFO [api.stepDefinitions.ClientSteps:62] - 201
13-09-2024 13:30:49 INFO [api.stepDefinitions.ClientSteps:70] - 201
13-09-2024 13:30:49 INFO [api.stepDefinitions.ClientSteps:166] - Successfully Validated schema from Client object
13-09-2024 13:30:50 INFO [api.stepDefinitions.ClientSteps:101] - Deleted client with ID 1: 200
13-09-2024 13:30:50 INFO [api.stepDefinitions.ClientSteps:101] - Deleted client with ID 2: 200
13-09-2024 13:30:50 INFO [api.stepDefinitions.ClientSteps:101] - Deleted client with ID 3: 200
13-09-2024 13:30:50 INFO [api.stepDefinitions.ClientSteps:101] - Deleted client with ID 4: 200
13-09-2024 13:30:51 INFO [api.stepDefinitions.ClientSteps:101] - Deleted client with ID 5: 200
13-09-2024 13:30:51 INFO [api.stepDefinitions.ClientSteps:101] - Deleted client with ID 6: 200
13-09-2024 13:30:51 INFO [api.stepDefinitions.ClientSteps:101] - Deleted client with ID 7: 200
13-09-2024 13:30:52 INFO [api.stepDefinitions.ClientSteps:101] - Deleted client with ID 8: 200
13-09-2024 13:30:52 INFO [api.stepDefinitions.ClientSteps:101] - Deleted client with ID 9: 200
13-09-2024 13:30:52 INFO [api.stepDefinitions.ClientSteps:101] - Deleted client with ID 10: 200
13-09-2024 13:30:52 INFO [api.stepDefinitions.Hooks:24] - *****************************************************************************************
13-09-2024 13:30:52 INFO [api.stepDefinitions.Hooks:25] - 	Scenario finished: Change the phone number of the first Client named Laura
13-09-2024 13:30:52 INFO [api.stepDefinitions.Hooks:26] - *****************************************************************************************
]]></system-out>
  </testcase>
  <testcase name="Update and delete a New Client" classname="Client testing CRUD" time="0.824">
    <system-out><![CDATA[13-09-2024 13:30:52 INFO [api.stepDefinitions.Hooks:16] - *****************************************************************************************
13-09-2024 13:30:52 INFO [api.stepDefinitions.Hooks:17] - 	Scenario: Update and delete a New Client
13-09-2024 13:30:52 INFO [api.stepDefinitions.Hooks:18] - *****************************************************************************************
13-09-2024 13:30:52 INFO [api.stepDefinitions.ClientSteps:62] - 201
13-09-2024 13:30:53 INFO [api.stepDefinitions.ClientSteps:166] - Successfully Validated schema from Client object
13-09-2024 13:30:53 INFO [api.stepDefinitions.ClientSteps:101] - Deleted client with ID 1: 200
13-09-2024 13:30:53 INFO [api.stepDefinitions.Hooks:24] - *****************************************************************************************
13-09-2024 13:30:53 INFO [api.stepDefinitions.Hooks:25] - 	Scenario finished: Update and delete a New Client
13-09-2024 13:30:53 INFO [api.stepDefinitions.Hooks:26] - *****************************************************************************************
]]></system-out>
  </testcase>
  <testcase name="Get the list of active resources" classname="Resource testing CRUD" time="4.559">
    <system-out><![CDATA[13-09-2024 13:30:53 INFO [api.stepDefinitions.Hooks:16] - *****************************************************************************************
13-09-2024 13:30:53 INFO [api.stepDefinitions.Hooks:17] - 	Scenario: Get the list of active resources
13-09-2024 13:30:53 INFO [api.stepDefinitions.Hooks:18] - *****************************************************************************************
13-09-2024 13:30:53 INFO [api.stepDefinitions.ResourceSteps:36] - 201
13-09-2024 13:30:54 INFO [api.stepDefinitions.ResourceSteps:36] - 201
13-09-2024 13:30:54 INFO [api.stepDefinitions.ResourceSteps:36] - 201
13-09-2024 13:30:54 INFO [api.stepDefinitions.ResourceSteps:36] - 201
13-09-2024 13:30:54 INFO [api.stepDefinitions.ResourceSteps:36] - 201
13-09-2024 13:30:55 INFO [api.stepDefinitions.ResourceSteps:84] - Updated resource: 1
13-09-2024 13:30:55 INFO [api.stepDefinitions.ResourceSteps:90] - Successfully Validated schema from Resource object
13-09-2024 13:30:55 INFO [api.stepDefinitions.ResourceSteps:84] - Updated resource: 2
13-09-2024 13:30:55 INFO [api.stepDefinitions.ResourceSteps:90] - Successfully Validated schema from Resource object
13-09-2024 13:30:56 INFO [api.stepDefinitions.ResourceSteps:84] - Updated resource: 3
13-09-2024 13:30:56 INFO [api.stepDefinitions.ResourceSteps:90] - Successfully Validated schema from Resource object
13-09-2024 13:30:56 INFO [api.stepDefinitions.ResourceSteps:84] - Updated resource: 4
13-09-2024 13:30:56 INFO [api.stepDefinitions.ResourceSteps:90] - Successfully Validated schema from Resource object
13-09-2024 13:30:56 INFO [api.stepDefinitions.ResourceSteps:84] - Updated resource: 5
13-09-2024 13:30:56 INFO [api.stepDefinitions.ResourceSteps:90] - Successfully Validated schema from Resource object
13-09-2024 13:30:56 INFO [api.stepDefinitions.ResourceSteps:66] - Deleted resource with ID 1: 200
13-09-2024 13:30:57 INFO [api.stepDefinitions.ResourceSteps:66] - Deleted resource with ID 2: 200
13-09-2024 13:30:57 INFO [api.stepDefinitions.ResourceSteps:66] - Deleted resource with ID 3: 200
13-09-2024 13:30:57 INFO [api.stepDefinitions.ResourceSteps:66] - Deleted resource with ID 4: 200
13-09-2024 13:30:57 INFO [api.stepDefinitions.ResourceSteps:66] - Deleted resource with ID 5: 200
13-09-2024 13:30:57 INFO [api.stepDefinitions.Hooks:24] - *****************************************************************************************
13-09-2024 13:30:57 INFO [api.stepDefinitions.Hooks:25] - 	Scenario finished: Get the list of active resources
13-09-2024 13:30:57 INFO [api.stepDefinitions.Hooks:26] - *****************************************************************************************
]]></system-out>
  </testcase>
  <testcase name="Update the last created resource" classname="Resource testing CRUD" time="8.583">
    <system-out><![CDATA[13-09-2024 13:30:57 INFO [api.stepDefinitions.Hooks:16] - *****************************************************************************************
13-09-2024 13:30:57 INFO [api.stepDefinitions.Hooks:17] - 	Scenario: Update the last created resource
13-09-2024 13:30:57 INFO [api.stepDefinitions.Hooks:18] - *****************************************************************************************
13-09-2024 13:30:58 INFO [api.stepDefinitions.ResourceSteps:36] - 201
13-09-2024 13:30:58 INFO [api.stepDefinitions.ResourceSteps:36] - 201
13-09-2024 13:30:58 INFO [api.stepDefinitions.ResourceSteps:36] - 201
13-09-2024 13:30:59 INFO [api.stepDefinitions.ResourceSteps:36] - 201
13-09-2024 13:30:59 INFO [api.stepDefinitions.ResourceSteps:36] - 201
13-09-2024 13:30:59 INFO [api.stepDefinitions.ResourceSteps:36] - 201
13-09-2024 13:30:59 INFO [api.stepDefinitions.ResourceSteps:36] - 201
13-09-2024 13:31:00 INFO [api.stepDefinitions.ResourceSteps:36] - 201
13-09-2024 13:31:00 INFO [api.stepDefinitions.ResourceSteps:36] - 201
13-09-2024 13:31:00 INFO [api.stepDefinitions.ResourceSteps:36] - 201
13-09-2024 13:31:01 INFO [api.stepDefinitions.ResourceSteps:36] - 201
13-09-2024 13:31:01 INFO [api.stepDefinitions.ResourceSteps:36] - 201
13-09-2024 13:31:01 INFO [api.stepDefinitions.ResourceSteps:36] - 201
13-09-2024 13:31:01 INFO [api.stepDefinitions.ResourceSteps:36] - 201
13-09-2024 13:31:02 INFO [api.stepDefinitions.ResourceSteps:36] - 201
13-09-2024 13:31:02 INFO [api.stepDefinitions.ResourceSteps:51] - Last resource ID: 15
13-09-2024 13:31:02 INFO [api.stepDefinitions.ResourceSteps:54] - Request Body: {
  "name": "Awesome Tuna",
  "trademark": "M",
  "stock": 1234,
  "price": 5.6,
  "description": "Nulla non eros euismod, eleifend nibh a, efficitur arcu. Nam dapibus erat a turpis blandit tincidunt. In est massa, tristique in magna quis, dignissim ornare nisi",
  "tags": "food",
  "active": false,
  "id":15
}
13-09-2024 13:31:02 INFO [api.stepDefinitions.ResourceSteps:103] - Successfully Validated schema from Resource object
13-09-2024 13:31:02 INFO [api.stepDefinitions.ResourceSteps:66] - Deleted resource with ID 1: 200
13-09-2024 13:31:03 INFO [api.stepDefinitions.ResourceSteps:66] - Deleted resource with ID 2: 200
13-09-2024 13:31:03 INFO [api.stepDefinitions.ResourceSteps:66] - Deleted resource with ID 3: 200
13-09-2024 13:31:03 INFO [api.stepDefinitions.ResourceSteps:66] - Deleted resource with ID 4: 200
13-09-2024 13:31:03 INFO [api.stepDefinitions.ResourceSteps:66] - Deleted resource with ID 5: 200
13-09-2024 13:31:04 INFO [api.stepDefinitions.ResourceSteps:66] - Deleted resource with ID 6: 200
13-09-2024 13:31:04 INFO [api.stepDefinitions.ResourceSteps:66] - Deleted resource with ID 7: 200
13-09-2024 13:31:04 INFO [api.stepDefinitions.ResourceSteps:66] - Deleted resource with ID 8: 200
13-09-2024 13:31:04 INFO [api.stepDefinitions.ResourceSteps:66] - Deleted resource with ID 9: 200
13-09-2024 13:31:05 INFO [api.stepDefinitions.ResourceSteps:66] - Deleted resource with ID 10: 200
13-09-2024 13:31:05 INFO [api.stepDefinitions.ResourceSteps:66] - Deleted resource with ID 11: 200
13-09-2024 13:31:05 INFO [api.stepDefinitions.ResourceSteps:66] - Deleted resource with ID 12: 200
13-09-2024 13:31:05 INFO [api.stepDefinitions.ResourceSteps:66] - Deleted resource with ID 13: 200
13-09-2024 13:31:06 INFO [api.stepDefinitions.ResourceSteps:66] - Deleted resource with ID 14: 200
13-09-2024 13:31:06 INFO [api.stepDefinitions.ResourceSteps:66] - Deleted resource with ID 15: 200
13-09-2024 13:31:06 INFO [api.stepDefinitions.Hooks:24] - *****************************************************************************************
13-09-2024 13:31:06 INFO [api.stepDefinitions.Hooks:25] - 	Scenario finished: Update the last created resource
13-09-2024 13:31:06 INFO [api.stepDefinitions.Hooks:26] - *****************************************************************************************
]]></system-out>
  </testcase>
</testsuite>